\BOOKMARK [0][-]{chapter.1}{\376\377\000M\000o\000d\000e\000l\000l\000o\000\040\000R\000e\000l\000a\000z\000i\000o\000n\000a\000l\000e}{}% 1
\BOOKMARK [1][-]{section.1.1}{\376\377\000I\000n\000t\000r\000o\000d\000u\000z\000i\000o\000n\000e}{chapter.1}% 2
\BOOKMARK [1][-]{section.1.2}{\376\377\000R\000e\000l\000a\000z\000i\000o\000n\000i}{chapter.1}% 3
\BOOKMARK [2][-]{subsection.1.2.1}{\376\377\000D\000e\000f\000i\000n\000i\000z\000i\000o\000n\000e\000:\000\040\000P\000r\000o\000d\000o\000t\000t\000o\000\040\000c\000a\000r\000t\000e\000s\000i\000a\000n\000o}{section.1.2}% 4
\BOOKMARK [2][-]{subsection.1.2.2}{\376\377\000D\000e\000f\000i\000n\000i\000z\000i\000o\000n\000e\000:\000\040\000R\000e\000l\000a\000z\000i\000o\000n\000e}{section.1.2}% 5
\BOOKMARK [2][-]{subsection.1.2.3}{\376\377\000D\000e\000f\000i\000n\000i\000z\000i\000o\000n\000e\000:\000\040\000S\000c\000h\000e\000m\000a\000\040\000d\000i\000\040\000r\000e\000l\000a\000z\000i\000o\000n\000e}{section.1.2}% 6
\BOOKMARK [2][-]{subsection.1.2.4}{\376\377\000D\000e\000f\000i\000n\000i\000z\000i\000o\000n\000e\000:\000\040\000S\000c\000h\000e\000m\000a\000\040\000d\000i\000\040\000b\000a\000s\000e\000\040\000d\000i\000\040\000d\000a\000t\000i}{section.1.2}% 7
\BOOKMARK [2][-]{subsection.1.2.5}{\376\377\000D\000e\000f\000i\000n\000i\000z\000i\000o\000n\000e\000:\000\040\000T\000u\000p\000l\000e\000\040\000e\000\040\000r\000e\000l\000a\000z\000i\000o\000n\000e}{section.1.2}% 8
\BOOKMARK [1][-]{section.1.3}{\376\377\000V\000a\000l\000o\000r\000i\000\040\000n\000u\000l\000l\000i}{chapter.1}% 9
\BOOKMARK [1][-]{section.1.4}{\376\377\000C\000h\000i\000a\000v\000i}{chapter.1}% 10
\BOOKMARK [2][-]{subsection.1.4.1}{\376\377\000D\000e\000f\000i\000n\000i\000z\000i\000o\000n\000e\000:\000\040\000C\000h\000i\000a\000v\000e\000\040\000e\000\040\000s\000u\000p\000e\000r\000-\000c\000h\000i\000a\000v\000e}{section.1.4}% 11
\BOOKMARK [2][-]{subsection.1.4.2}{\376\377\000D\000e\000f\000i\000n\000i\000z\000i\000o\000n\000e\000:\000\040\000C\000h\000i\000a\000v\000e\000\040\000e\000s\000t\000e\000r\000n\000a}{section.1.4}% 12
\BOOKMARK [0][-]{chapter.2}{\376\377\000M\000o\000d\000e\000l\000l\000o\000\040\000E\000R}{}% 13
\BOOKMARK [1][-]{section.2.1}{\376\377\000I\000n\000t\000r\000o\000d\000u\000z\000i\000o\000n\000e}{chapter.2}% 14
\BOOKMARK [1][-]{section.2.2}{\376\377\000V\000i\000n\000c\000o\000l\000i\000\040\000d\000i\000\040\000i\000n\000t\000e\000g\000r\000i\000t\000\340}{chapter.2}% 15
\BOOKMARK [2][-]{subsection.2.2.1}{\376\377\000V\000i\000n\000c\000o\000l\000i\000\040\000d\000i\000\040\000c\000a\000r\000d\000i\000n\000a\000l\000i\000t\000\340}{section.2.2}% 16
\BOOKMARK [2][-]{subsection.2.2.2}{\376\377\000V\000i\000n\000c\000o\000l\000i\000\040\000d\000i\000\040\000i\000d\000e\000n\000t\000i\000f\000i\000c\000a\000z\000i\000o\000n\000e}{section.2.2}% 17
\BOOKMARK [1][-]{section.2.3}{\376\377\000G\000e\000r\000a\000r\000c\000h\000i\000e\000\040\000d\000i\000\040\000g\000e\000n\000e\000r\000a\000l\000i\000z\000z\000a\000z\000i\000o\000n\000e}{chapter.2}% 18
\BOOKMARK [0][-]{chapter.3}{\376\377\000P\000r\000o\000g\000e\000t\000t\000a\000z\000i\000o\000n\000e\000\040\000L\000o\000g\000i\000c\000a}{}% 19
\BOOKMARK [1][-]{section.3.1}{\376\377\000I\000n\000t\000r\000o\000d\000u\000z\000i\000o\000n\000e}{chapter.3}% 20
\BOOKMARK [1][-]{section.3.2}{\376\377\000F\000a\000s\000e\000\040\000d\000i\000\040\000r\000i\000s\000t\000r\000u\000t\000t\000u\000r\000a\000z\000i\000o\000n\000e}{chapter.3}% 21
\BOOKMARK [2][-]{subsection.3.2.1}{\376\377\000A\000n\000a\000l\000i\000s\000i\000\040\000d\000e\000l\000l\000a\000\040\000r\000i\000d\000o\000n\000d\000a\000n\000z\000a}{section.3.2}% 22
\BOOKMARK [2][-]{subsection.3.2.2}{\376\377\000P\000a\000r\000t\000i\000z\000i\000o\000n\000a\000m\000e\000n\000t\000o\000/\000a\000c\000c\000o\000r\000p\000a\000m\000e\000n\000t\000o\000\040\000d\000i\000\040\000e\000n\000t\000i\000t\000\340}{section.3.2}% 23
\BOOKMARK [2][-]{subsection.3.2.3}{\376\377\000E\000l\000i\000m\000i\000n\000a\000z\000i\000o\000n\000e\000\040\000d\000e\000g\000l\000i\000\040\000a\000t\000t\000r\000i\000b\000u\000t\000i\000\040\000c\000o\000m\000p\000o\000s\000t\000i\000\040\000e\000\040\000m\000u\000l\000t\000i\000-\000v\000a\000l\000o\000r\000e}{section.3.2}% 24
\BOOKMARK [2][-]{subsection.3.2.4}{\376\377\000E\000l\000i\000m\000i\000n\000a\000z\000i\000o\000n\000e\000\040\000d\000e\000l\000l\000e\000\040\000g\000e\000r\000a\000r\000c\000h\000i\000e\000\040\000d\000i\000\040\000g\000e\000n\000e\000r\000a\000l\000i\000z\000z\000a\000z\000i\000o\000n\000e}{section.3.2}% 25
\BOOKMARK [1][-]{section.3.3}{\376\377\000F\000a\000s\000e\000\040\000d\000i\000\040\000t\000r\000a\000d\000u\000z\000i\000o\000n\000e}{chapter.3}% 26
\BOOKMARK [2][-]{subsection.3.3.1}{\376\377\000T\000r\000a\000d\000u\000z\000i\000o\000n\000e\000\040\000d\000e\000l\000l\000e\000\040\000e\000n\000t\000i\000t\000\340}{section.3.3}% 27
\BOOKMARK [2][-]{subsection.3.3.2}{\376\377\000T\000r\000a\000d\000u\000z\000i\000o\000n\000e\000\040\000d\000e\000l\000l\000e\000\040\000a\000s\000s\000o\000c\000i\000a\000z\000i\000o\000n\000i}{section.3.3}% 28
\BOOKMARK [0][-]{chapter.4}{\376\377\000A\000l\000g\000e\000b\000r\000a\000\040\000R\000e\000l\000a\000z\000i\000o\000n\000a\000l\000e}{}% 29
\BOOKMARK [1][-]{section.4.1}{\376\377\000I\000n\000t\000r\000o\000d\000u\000z\000i\000o\000n\000e}{chapter.4}% 30
\BOOKMARK [1][-]{section.4.2}{\376\377\000R\000i\000d\000e\000n\000o\000m\000i\000n\000a\000z\000i\000o\000n\000e}{chapter.4}% 31
\BOOKMARK [1][-]{section.4.3}{\376\377\000P\000r\000o\000i\000e\000z\000i\000o\000n\000e}{chapter.4}% 32
\BOOKMARK [1][-]{section.4.4}{\376\377\000S\000e\000l\000e\000z\000i\000o\000n\000e}{chapter.4}% 33
\BOOKMARK [1][-]{section.4.5}{\376\377\000P\000r\000o\000d\000o\000t\000t\000o\000\040\000c\000a\000r\000t\000e\000s\000i\000a\000n\000o}{chapter.4}% 34
\BOOKMARK [1][-]{section.4.6}{\376\377\000U\000n\000i\000o\000n\000e}{chapter.4}% 35
\BOOKMARK [1][-]{section.4.7}{\376\377\000D\000i\000f\000f\000e\000r\000e\000n\000z\000a}{chapter.4}% 36
\BOOKMARK [1][-]{section.4.8}{\376\377\000I\000n\000t\000e\000r\000s\000e\000z\000i\000o\000n\000e}{chapter.4}% 37
\BOOKMARK [1][-]{section.4.9}{\376\377\000J\000o\000i\000n}{chapter.4}% 38
\BOOKMARK [2][-]{subsection.4.9.1}{\376\377\000J\000o\000i\000n\000\040\000n\000a\000t\000u\000r\000a\000l\000e}{section.4.9}% 39
\BOOKMARK [1][-]{section.4.10}{\376\377\000D\000i\000v\000i\000s\000i\000o\000n\000e}{chapter.4}% 40
\BOOKMARK [0][-]{chapter.5}{\376\377\000L\000i\000n\000g\000u\000a\000g\000g\000i\000o\000\040\000S\000Q\000L}{}% 41
\BOOKMARK [1][-]{section.5.1}{\376\377\000T\000i\000p\000i}{chapter.5}% 42
\BOOKMARK [1][-]{section.5.2}{\376\377\000C\000r\000e\000a\000z\000i\000o\000n\000e\000\040\000d\000i\000\040\000t\000a\000b\000e\000l\000l\000e}{chapter.5}% 43
\BOOKMARK [2][-]{subsection.5.2.1}{\376\377\000O\000b\000b\000l\000i\000g\000a\000t\000o\000r\000i\000e\000t\000\340\000\040\000d\000i\000\040\000c\000o\000l\000o\000n\000n\000e}{section.5.2}% 44
\BOOKMARK [2][-]{subsection.5.2.2}{\376\377\000C\000h\000i\000a\000v\000i}{section.5.2}% 45
\BOOKMARK [1][-]{section.5.3}{\376\377\000C\000a\000n\000c\000e\000l\000l\000a\000z\000i\000o\000n\000e\000\040\000d\000i\000\040\000t\000a\000b\000e\000l\000l\000e}{chapter.5}% 46
\BOOKMARK [1][-]{section.5.4}{\376\377\000M\000o\000d\000i\000f\000i\000c\000a\000\040\000d\000i\000\040\000t\000a\000b\000e\000l\000l\000e}{chapter.5}% 47
\BOOKMARK [2][-]{subsection.5.4.1}{\376\377\000A\000g\000g\000i\000u\000n\000t\000a\000\040\000d\000i\000\040\000c\000o\000l\000o\000n\000n\000e}{section.5.4}% 48
\BOOKMARK [2][-]{subsection.5.4.2}{\376\377\000M\000o\000d\000i\000f\000i\000c\000a\000\040\000d\000i\000\040\000c\000o\000l\000o\000n\000n\000e}{section.5.4}% 49
\BOOKMARK [2][-]{subsection.5.4.3}{\376\377\000C\000a\000n\000c\000e\000l\000l\000a\000z\000i\000o\000n\000e\000\040\000d\000i\000\040\000c\000o\000l\000o\000n\000n\000e}{section.5.4}% 50
\BOOKMARK [1][-]{section.5.5}{\376\377\000I\000n\000t\000e\000r\000r\000o\000g\000a\000z\000i\000o\000n\000i}{chapter.5}% 51
\BOOKMARK [2][-]{subsection.5.5.1}{\376\377\000S\000e\000l\000e\000z\000i\000o\000n\000e}{section.5.5}% 52
\BOOKMARK [2][-]{subsection.5.5.2}{\376\377\000O\000p\000e\000r\000a\000t\000o\000r\000i\000\040\000d\000i\000\040\000c\000o\000n\000f\000r\000o\000n\000t\000o}{section.5.5}% 53
\BOOKMARK [2][-]{subsection.5.5.3}{\376\377\000E\000s\000p\000r\000e\000s\000s\000i\000o\000n\000i\000\040\000e\000\040\000f\000u\000n\000z\000i\000o\000n\000i\000\040\000a\000r\000i\000t\000m\000e\000t\000i\000c\000h\000e}{section.5.5}% 54
\BOOKMARK [2][-]{subsection.5.5.4}{\376\377\000E\000s\000p\000r\000e\000s\000s\000i\000o\000n\000i\000\040\000e\000\040\000f\000u\000n\000z\000i\000o\000n\000i\000\040\000p\000e\000r\000\040\000s\000t\000r\000i\000n\000g\000h\000e}{section.5.5}% 55
\BOOKMARK [2][-]{subsection.5.5.5}{\376\377\000E\000s\000p\000r\000e\000s\000s\000i\000o\000n\000i\000\040\000e\000\040\000f\000u\000n\000z\000i\000o\000n\000i\000\040\000p\000e\000r\000\040\000d\000a\000t\000e\000\040\000e\000\040\000t\000e\000m\000p\000i}{section.5.5}% 56
\BOOKMARK [2][-]{subsection.5.5.6}{\376\377\000O\000r\000d\000i\000n\000a\000m\000e\000n\000t\000o\000\040\000d\000e\000i\000\040\000r\000i\000s\000u\000l\000t\000a\000t\000i\000\040\000d\000i\000\040\000u\000n\000a\000\040\000q\000u\000e\000r\000y}{section.5.5}% 57
\BOOKMARK [2][-]{subsection.5.5.7}{\376\377\000O\000p\000e\000r\000a\000z\000i\000o\000n\000e\000\040\000d\000i\000\040\000j\000o\000i\000n}{section.5.5}% 58
\BOOKMARK [2][-]{subsection.5.5.8}{\376\377\000F\000u\000n\000z\000i\000o\000n\000i\000\040\000d\000i\000\040\000g\000r\000u\000p\000p\000o}{section.5.5}% 59
\BOOKMARK [2][-]{subsection.5.5.9}{\376\377\000R\000a\000g\000g\000r\000u\000p\000p\000a\000m\000e\000n\000t\000o}{section.5.5}% 60
\BOOKMARK [2][-]{subsection.5.5.10}{\376\377\000S\000o\000t\000t\000o\000-\000i\000n\000t\000e\000r\000r\000o\000g\000a\000z\000i\000o\000n\000i}{section.5.5}% 61
\BOOKMARK [2][-]{subsection.5.5.11}{\376\377\000S\000o\000t\000t\000o\000-\000i\000n\000t\000e\000r\000r\000o\000g\000a\000z\000i\000o\000n\000i\000\040\000c\000o\000r\000r\000e\000l\000a\000t\000e}{section.5.5}% 62
\BOOKMARK [2][-]{subsection.5.5.12}{\376\377\000O\000p\000e\000r\000a\000t\000o\000r\000i\000\040\000i\000n\000s\000i\000e\000m\000i\000s\000t\000i\000c\000i}{section.5.5}% 63
\BOOKMARK [1][-]{section.5.6}{\376\377\000O\000p\000e\000r\000a\000z\000i\000o\000n\000i\000\040\000d\000i\000\040\000a\000g\000g\000i\000o\000r\000n\000a\000m\000e\000n\000t\000o}{chapter.5}% 64
\BOOKMARK [2][-]{subsection.5.6.1}{\376\377\000I\000n\000s\000e\000r\000i\000m\000e\000n\000t\000o}{section.5.6}% 65
\BOOKMARK [2][-]{subsection.5.6.2}{\376\377\000C\000a\000n\000c\000e\000l\000l\000a\000z\000i\000o\000n\000e}{section.5.6}% 66
\BOOKMARK [2][-]{subsection.5.6.3}{\376\377\000M\000o\000d\000i\000f\000i\000c\000a}{section.5.6}% 67
\BOOKMARK [1][-]{section.5.7}{\376\377\000V\000i\000n\000c\000o\000l\000i\000\040\000d\000i\000\040\000i\000n\000t\000e\000g\000r\000i\000t\000\340}{chapter.5}% 68
\BOOKMARK [1][-]{section.5.8}{\376\377\000A\000s\000s\000e\000r\000z\000i\000o\000n\000i}{chapter.5}% 69
\BOOKMARK [1][-]{section.5.9}{\376\377\000C\000o\000n\000t\000r\000o\000l\000l\000o\000\040\000d\000i\000\040\000v\000i\000n\000c\000o\000l\000i\000\040\000d\000i\000\040\000i\000n\000t\000e\000g\000r\000i\000t\000\340}{chapter.5}% 70
\BOOKMARK [1][-]{section.5.10}{\376\377\000D\000a\000t\000i\000\040\000d\000e\000r\000i\000v\000a\000t\000i\000\040\000e\000\040\000V\000i\000s\000t\000e}{chapter.5}% 71
\BOOKMARK [2][-]{subsection.5.10.1}{\376\377\000C\000o\000l\000o\000n\000n\000e\000\040\000d\000e\000r\000i\000v\000a\000t\000e}{section.5.10}% 72
\BOOKMARK [2][-]{subsection.5.10.2}{\376\377\000D\000e\000r\000i\000v\000a\000z\000i\000o\000n\000e\000\040\000d\000i\000\040\000r\000e\000l\000a\000z\000i\000o\000n\000i}{section.5.10}% 73
\BOOKMARK [1][-]{section.5.11}{\376\377\000V\000i\000s\000t\000e}{chapter.5}% 74
\BOOKMARK [2][-]{subsection.5.11.1}{\376\377\000I\000n\000t\000e\000r\000r\000o\000g\000a\000z\000i\000o\000n\000i\000\040\000s\000u\000\040\000v\000i\000s\000t\000e}{section.5.11}% 75
\BOOKMARK [2][-]{subsection.5.11.2}{\376\377\000A\000g\000g\000i\000o\000r\000n\000a\000m\000e\000n\000t\000i\000\040\000s\000u\000\040\000v\000i\000s\000t\000e}{section.5.11}% 76
\BOOKMARK [0][-]{chapter.6}{\376\377\000N\000o\000r\000m\000a\000l\000i\000z\000z\000a\000z\000i\000o\000n\000e}{}% 77
\BOOKMARK [1][-]{section.6.1}{\376\377\000R\000i\000d\000o\000n\000d\000a\000n\000z\000e\000\040\000e\000d\000\040\000a\000n\000o\000m\000a\000l\000i\000e}{chapter.6}% 78
\BOOKMARK [1][-]{section.6.2}{\376\377\000D\000i\000p\000e\000n\000d\000e\000n\000z\000e\000\040\000f\000u\000n\000z\000i\000o\000n\000a\000l\000i}{chapter.6}% 79
\BOOKMARK [2][-]{subsection.6.2.1}{\376\377\000C\000h\000i\000u\000s\000u\000r\000a\000\040\000d\000i\000\040\000u\000n\000\040\000i\000n\000s\000i\000e\000m\000e\000\040\000d\000i\000\040\000d\000i\000p\000e\000n\000d\000e\000n\000z\000e\000\040\000f\000u\000n\000z\000i\000o\000n\000a\000l\000i}{section.6.2}% 80
\BOOKMARK [2][-]{subsection.6.2.2}{\376\377\000C\000h\000i\000u\000s\000u\000r\000a\000\040\000d\000i\000\040\000u\000n\000\040\000i\000n\000s\000i\000e\000m\000e\000\040\000d\000i\000\040\000a\000t\000t\000r\000i\000b\000u\000t\000i}{section.6.2}% 81
\BOOKMARK [2][-]{subsection.6.2.3}{\376\377\000C\000h\000i\000a\000v\000e}{section.6.2}% 82
\BOOKMARK [1][-]{section.6.3}{\376\377\000F\000o\000r\000m\000e\000\040\000n\000o\000r\000m\000a\000l\000i}{chapter.6}% 83
\BOOKMARK [2][-]{subsection.6.3.1}{\376\377\000F\000o\000r\000m\000a\000\040\000n\000o\000r\000m\000a\000l\000e\000\040\000d\000i\000\040\000B\000o\000y\000c\000e\000-\000C\000o\000d\000d\000\040\000\050\000B\000C\000N\000F\000\051}{section.6.3}% 84
\BOOKMARK [2][-]{subsection.6.3.2}{\376\377\000T\000e\000r\000z\000a\000\040\000f\000o\000r\000m\000a\000\040\000n\000o\000r\000m\000a\000l\000e\000\040\000\050\0003\000N\000F\000\051}{section.6.3}% 85
\BOOKMARK [1][-]{section.6.4}{\376\377\000S\000c\000o\000m\000p\000o\000s\000i\000z\000i\000o\000n\000e\000\040\000d\000i\000\040\000s\000c\000h\000e\000m\000i\000\040\000r\000e\000l\000a\000z\000i\000o\000n\000a\000l\000i}{chapter.6}% 86
\BOOKMARK [2][-]{subsection.6.4.1}{\376\377\000P\000r\000o\000p\000r\000i\000e\000t\000\340}{section.6.4}% 87
\BOOKMARK [0][-]{chapter.7}{\376\377\000G\000e\000s\000t\000o\000r\000e\000\040\000d\000e\000l\000l\000e\000\040\000s\000t\000r\000u\000t\000t\000u\000r\000e\000\040\000d\000i\000\040\000m\000e\000m\000o\000r\000i\000z\000z\000a\000z\000i\000o\000n\000e}{}% 88
\BOOKMARK [1][-]{section.7.1}{\376\377\000G\000e\000r\000a\000r\000c\000h\000i\000a\000\040\000d\000e\000l\000l\000e\000\040\000m\000e\000m\000o\000r\000i\000e}{chapter.7}% 89
\BOOKMARK [1][-]{section.7.2}{\376\377\000D\000i\000s\000c\000o\000\040\000m\000a\000g\000n\000e\000t\000i\000c\000o}{chapter.7}% 90
\BOOKMARK [2][-]{subsection.7.2.1}{\376\377\000T\000e\000m\000p\000o\000\040\000d\000i\000\040\000t\000r\000a\000s\000f\000e\000r\000i\000m\000e\000n\000t\000o}{section.7.2}% 91
\BOOKMARK [1][-]{section.7.3}{\376\377\000I\000l\000\040\000D\000a\000t\000a\000b\000a\000s\000e\000\040\000F\000i\000s\000i\000c\000o}{chapter.7}% 92
\BOOKMARK [2][-]{subsection.7.3.1}{\376\377\000F\000i\000l\000e}{section.7.3}% 93
\BOOKMARK [2][-]{subsection.7.3.2}{\376\377\000R\000e\000c\000o\000r\000d}{section.7.3}% 94
\BOOKMARK [1][-]{section.7.4}{\376\377\000A\000l\000l\000o\000c\000a\000z\000i\000o\000n\000e\000\040\000d\000e\000i\000\040\000f\000i\000l\000e}{chapter.7}% 95
\BOOKMARK [2][-]{subsection.7.4.1}{\376\377\000A\000l\000l\000o\000c\000a\000z\000i\000o\000n\000e\000\040\000c\000o\000n\000t\000i\000g\000u\000a}{section.7.4}% 96
\BOOKMARK [2][-]{subsection.7.4.2}{\376\377\000A\000l\000l\000o\000c\000a\000z\000i\000o\000n\000e\000\040\000c\000o\000n\000c\000a\000t\000e\000n\000a\000t\000a}{section.7.4}% 97
\BOOKMARK [1][-]{section.7.5}{\376\377\000O\000r\000g\000a\000n\000i\000z\000z\000a\000z\000i\000o\000n\000e\000\040\000d\000e\000i\000\040\000r\000e\000c\000o\000r\000d\000\040\000n\000e\000i\000\040\000f\000i\000l\000e}{chapter.7}% 98
\BOOKMARK [1][-]{section.7.6}{\376\377\000G\000e\000s\000t\000i\000o\000n\000e\000\040\000d\000e\000l\000\040\000b\000u\000f\000f\000e\000r}{chapter.7}% 99
\BOOKMARK [2][-]{subsection.7.6.1}{\376\377\000P\000o\000l\000i\000t\000i\000c\000h\000e\000\040\000d\000i\000\040\000s\000o\000s\000t\000i\000t\000u\000z\000i\000o\000n\000e}{section.7.6}% 100
\BOOKMARK [1][-]{section.7.7}{\376\377\000I\000n\000d\000i\000c\000i}{chapter.7}% 101
\BOOKMARK [2][-]{subsection.7.7.1}{\376\377\000I\000n\000d\000i\000c\000i\000\040\000a\000d\000\040\000a\000l\000b\000e\000r\000o\000\040\000\050\000o\000\040\000o\000r\000d\000i\000n\000a\000t\000i\000\051}{section.7.7}% 102
